Successfully new'd:
Width: 9, Height: 9, Size: 4Character 1, Col 0, Row 0
Character  , Col 1, Row 0
Character  , Col 1, Row 0
Character  , Col 1, Row 0
Character 2, Col 1, Row 0
Character  , Col 2, Row 0
Character  , Col 2, Row 0
Character  , Col 2, Row 0
Character 3, Col 2, Row 0
Character  , Col 3, Row 0
Character  , Col 3, Row 0
Character  , Col 3, Row 0
Character  , Col 3, Row 0
Character  , Col 3, Row 0
Character  , Col 3, Row 0
Character 4, Col 3, Row 0
Character  , Col 4, Row 0
Character  , Col 4, Row 0
Character  , Col 4, Row 0
Character 5, Col 4, Row 0
Character  , Col 5, Row 0
Character  , Col 5, Row 0
Character  , Col 5, Row 0
Character 6, Col 5, Row 0
Character  , Col 6, Row 0
Character  , Col 6, Row 0
Character  , Col 6, Row 0
Character  , Col 6, Row 0
Character  , Col 6, Row 0
Character  , Col 6, Row 0
Character 7, Col 6, Row 0
Character  , Col 7, Row 0
Character  , Col 7, Row 0
Character  , Col 7, Row 0
Character 8, Col 7, Row 0
Character  , Col 8, Row 0
Character  , Col 8, Row 0
Character  , Col 8, Row 0
Character 9, Col 8, Row 0
Character 
, Col 0, Row 1
Character 4, Col 0, Row 1
Character  , Col 1, Row 1
Character  , Col 1, Row 1
Character  , Col 1, Row 1
Character 5, Col 1, Row 1
Character  , Col 2, Row 1
Character  , Col 2, Row 1
Character  , Col 2, Row 1
Character 6, Col 2, Row 1
Character  , Col 3, Row 1
Character  , Col 3, Row 1
Character  , Col 3, Row 1
Character  , Col 3, Row 1
Character  , Col 3, Row 1
Character  , Col 3, Row 1
Character 7, Col 3, Row 1
Character  , Col 4, Row 1
Character  , Col 4, Row 1
Character  , Col 4, Row 1
Character 8, Col 4, Row 1
Character  , Col 5, Row 1
Character  , Col 5, Row 1
Character  , Col 5, Row 1
Character 9, Col 5, Row 1
Character  , Col 6, Row 1
Character  , Col 6, Row 1
Character  , Col 6, Row 1
Character  , Col 6, Row 1
Character  , Col 6, Row 1
Character  , Col 6, Row 1
Character 1, Col 6, Row 1
Character  , Col 7, Row 1
Character  , Col 7, Row 1
Character  , Col 7, Row 1
Character 2, Col 7, Row 1
Character  , Col 8, Row 1
Character  , Col 8, Row 1
Character  , Col 8, Row 1
Character 3, Col 8, Row 1
Character 
, Col 0, Row 2
Character 7, Col 0, Row 2
Character  , Col 1, Row 2
Character  , Col 1, Row 2
Character  , Col 1, Row 2
Character 8, Col 1, Row 2
Character  , Col 2, Row 2
Character  , Col 2, Row 2
Character  , Col 2, Row 2
Character 9, Col 2, Row 2
Character  , Col 3, Row 2
Character  , Col 3, Row 2
Character  , Col 3, Row 2
Character  , Col 3, Row 2
Character  , Col 3, Row 2
Character  , Col 3, Row 2
Character 1, Col 3, Row 2
Character  , Col 4, Row 2
Character  , Col 4, Row 2
Character  , Col 4, Row 2
Character 2, Col 4, Row 2
Character  , Col 5, Row 2
Character  , Col 5, Row 2
Character  , Col 5, Row 2
Character 3, Col 5, Row 2
Character  , Col 6, Row 2
Character  , Col 6, Row 2
Character  , Col 6, Row 2
Character  , Col 6, Row 2
Character  , Col 6, Row 2
Character  , Col 6, Row 2
Character 4, Col 6, Row 2
Character  , Col 7, Row 2
Character  , Col 7, Row 2
Character  , Col 7, Row 2
Character 5, Col 7, Row 2
Character  , Col 8, Row 2
Character  , Col 8, Row 2
Character  , Col 8, Row 2
Character 6, Col 8, Row 2
Character 
, Col 0, Row 3
Character 
, Col 0, Row 3
Character 2, Col 0, Row 3
Character  , Col 1, Row 3
Character  , Col 1, Row 3
Character  , Col 1, Row 3
Character 3, Col 1, Row 3
Character  , Col 2, Row 3
Character  , Col 2, Row 3
Character  , Col 2, Row 3
Character 4, Col 2, Row 3
Character  , Col 3, Row 3
Character  , Col 3, Row 3
Character  , Col 3, Row 3
Character  , Col 3, Row 3
Character  , Col 3, Row 3
Character  , Col 3, Row 3
Character 5, Col 3, Row 3
Character  , Col 4, Row 3
Character  , Col 4, Row 3
Character  , Col 4, Row 3
Character 6, Col 4, Row 3
Character  , Col 5, Row 3
Character  , Col 5, Row 3
Character  , Col 5, Row 3
Character 7, Col 5, Row 3
Character  , Col 6, Row 3
Character  , Col 6, Row 3
Character  , Col 6, Row 3
Character  , Col 6, Row 3
Character  , Col 6, Row 3
Character  , Col 6, Row 3
Character 8, Col 6, Row 3
Character  , Col 7, Row 3
Character  , Col 7, Row 3
Character  , Col 7, Row 3
Character 9, Col 7, Row 3
Character  , Col 8, Row 3
Character  , Col 8, Row 3
Character  , Col 8, Row 3
Character 1, Col 8, Row 3
Character 
, Col 0, Row 4
Character 5, Col 0, Row 4
Character  , Col 1, Row 4
Character  , Col 1, Row 4
Character  , Col 1, Row 4
Character 6, Col 1, Row 4
Character  , Col 2, Row 4
Character  , Col 2, Row 4
Character  , Col 2, Row 4
Character 7, Col 2, Row 4
Character  , Col 3, Row 4
Character  , Col 3, Row 4
Character  , Col 3, Row 4
Character  , Col 3, Row 4
Character  , Col 3, Row 4
Character  , Col 3, Row 4
Character 8, Col 3, Row 4
Character  , Col 4, Row 4
Character  , Col 4, Row 4
Character  , Col 4, Row 4
Character 9, Col 4, Row 4
Character  , Col 5, Row 4
Character  , Col 5, Row 4
Character  , Col 5, Row 4
Character 1, Col 5, Row 4
Character  , Col 6, Row 4
Character  , Col 6, Row 4
Character  , Col 6, Row 4
Character  , Col 6, Row 4
Character  , Col 6, Row 4
Character  , Col 6, Row 4
Character 2, Col 6, Row 4
Character  , Col 7, Row 4
Character  , Col 7, Row 4
Character  , Col 7, Row 4
Character 3, Col 7, Row 4
Character  , Col 8, Row 4
Character  , Col 8, Row 4
Character  , Col 8, Row 4
Character 4, Col 8, Row 4
Character  , Col 0, Row 5
Character 
, Col 0, Row 5
Character 8, Col 0, Row 5
Character  , Col 1, Row 5
Character  , Col 1, Row 5
Character  , Col 1, Row 5
Character 9, Col 1, Row 5
Character  , Col 2, Row 5
Character  , Col 2, Row 5
Character  , Col 2, Row 5
Character 1, Col 2, Row 5
Character  , Col 3, Row 5
Character  , Col 3, Row 5
Character  , Col 3, Row 5
Character  , Col 3, Row 5
Character  , Col 3, Row 5
Character  , Col 3, Row 5
Character 2, Col 3, Row 5
Character  , Col 4, Row 5
Character  , Col 4, Row 5
Character  , Col 4, Row 5
Character 3, Col 4, Row 5
Character  , Col 5, Row 5
Character  , Col 5, Row 5
Character  , Col 5, Row 5
Character 4, Col 5, Row 5
Character  , Col 6, Row 5
Character  , Col 6, Row 5
Character  , Col 6, Row 5
Character  , Col 6, Row 5
Character  , Col 6, Row 5
Character  , Col 6, Row 5
Character 5, Col 6, Row 5
Character  , Col 7, Row 5
Character  , Col 7, Row 5
Character  , Col 7, Row 5
Character 6, Col 7, Row 5
Character  , Col 8, Row 5
Character  , Col 8, Row 5
Character  , Col 8, Row 5
Character 7, Col 8, Row 5
Character 
, Col 0, Row 6
Character 
, Col 0, Row 6
Character 3, Col 0, Row 6
Character  , Col 1, Row 6
Character  , Col 1, Row 6
Character  , Col 1, Row 6
Character 4, Col 1, Row 6
Character  , Col 2, Row 6
Character  , Col 2, Row 6
Character  , Col 2, Row 6
Character 5, Col 2, Row 6
Character  , Col 3, Row 6
Character  , Col 3, Row 6
Character  , Col 3, Row 6
Character  , Col 3, Row 6
Character  , Col 3, Row 6
Character  , Col 3, Row 6
Character 6, Col 3, Row 6
Character  , Col 4, Row 6
Character  , Col 4, Row 6
Character  , Col 4, Row 6
Character 7, Col 4, Row 6
Character  , Col 5, Row 6
Character  , Col 5, Row 6
Character  , Col 5, Row 6
Character 8, Col 5, Row 6
Character  , Col 6, Row 6
Character  , Col 6, Row 6
Character  , Col 6, Row 6
Character  , Col 6, Row 6
Character  , Col 6, Row 6
Character  , Col 6, Row 6
Character 9, Col 6, Row 6
Character  , Col 7, Row 6
Character  , Col 7, Row 6
Character  , Col 7, Row 6
Character 1, Col 7, Row 6
Character  , Col 8, Row 6
Character  , Col 8, Row 6
Character  , Col 8, Row 6
Character 2, Col 8, Row 6
Character 
, Col 0, Row 7
Character 6, Col 0, Row 7
Character  , Col 1, Row 7
Character  , Col 1, Row 7
Character  , Col 1, Row 7
Character 7, Col 1, Row 7
Character  , Col 2, Row 7
Character  , Col 2, Row 7
Character  , Col 2, Row 7
Character 8, Col 2, Row 7
Character  , Col 3, Row 7
Character  , Col 3, Row 7
Character  , Col 3, Row 7
Character  , Col 3, Row 7
Character  , Col 3, Row 7
Character  , Col 3, Row 7
Character 9, Col 3, Row 7
Character  , Col 4, Row 7
Character  , Col 4, Row 7
Character  , Col 4, Row 7
Character 1, Col 4, Row 7
Character  , Col 5, Row 7
Character  , Col 5, Row 7
Character  , Col 5, Row 7
Character 2, Col 5, Row 7
Character  , Col 6, Row 7
Character  , Col 6, Row 7
Character  , Col 6, Row 7
Character  , Col 6, Row 7
Character  , Col 6, Row 7
Character  , Col 6, Row 7
Character 3, Col 6, Row 7
Character  , Col 7, Row 7
Character  , Col 7, Row 7
Character  , Col 7, Row 7
Character 4, Col 7, Row 7
Character  , Col 8, Row 7
Character  , Col 8, Row 7
Character  , Col 8, Row 7
Character 
, Col 8, Row 7
Character 9, Col 8, Row 7
Character  , Col 0, Row 8
Character  , Col 0, Row 8
Character  , Col 0, Row 8
Character 1, Col 0, Row 8
Character  , Col 1, Row 8
Character  , Col 1, Row 8
Character  , Col 1, Row 8
Character 2, Col 1, Row 8
Character  , Col 2, Row 8
Character  , Col 2, Row 8
Character  , Col 2, Row 8
Character  , Col 2, Row 8
Character  , Col 2, Row 8
Character  , Col 2, Row 8
Character 3, Col 2, Row 8
Character  , Col 3, Row 8
Character  , Col 3, Row 8
Character  , Col 3, Row 8
Character 4, Col 3, Row 8
Character  , Col 4, Row 8
Character  , Col 4, Row 8
Character  , Col 4, Row 8
Character 5, Col 4, Row 8
Character  , Col 5, Row 8
Character  , Col 5, Row 8
Character  , Col 5, Row 8
Character  , Col 5, Row 8
Character  , Col 5, Row 8
Character  , Col 5, Row 8
Character 6, Col 5, Row 8
Character  , Col 6, Row 8
Character  , Col 6, Row 8
Character  , Col 6, Row 8
Character 7, Col 6, Row 8
Character  , Col 7, Row 8
Character  , Col 7, Row 8
Character  , Col 7, Row 8
Character 8, Col 7, Row 8
Mapping Row1
2
3
4
5
6
7
8
9
4
5
6
7
8
9
1
2
3
7
8
9
1
2
3
4
5
6
2
3
4
5
6
7
8
9
1
5
6
7
8
9
1
2
3
4
8
9
1
2
3
4
5
6
7
3
4
5
6
7
8
9
1
2
6
7
8
9
1
2
3
4
9
1
2
3
4
5
6
7
8
0
0: 1
1: 4
2: 7
3: 2
4: 5
5: 8
6: 3
7: 6
9: 2
10: 5
11: 8
12: 3
13: 6
14: 9
15: 4
16: 7
18: 3
19: 6
20: 9
21: 4
22: 7
23: 1
24: 5
25: 8
27: 4
28: 7
29: 1
30: 5
31: 8
32: 2
33: 6
34: 9
36: 5
37: 8
38: 2
39: 6
40: 9
41: 3
42: 7
43: 1
45: 6
46: 9
47: 3
48: 7
49: 1
50: 4
51: 8
52: 2
54: 7
55: 1
56: 4
57: 8
58: 2
59: 5
60: 9
61: 3
63: 8
64: 2
65: 5
66: 9
67: 3
68: 6
69: 1
70: 4
72: 9
73: 3
74: 6
75: 1
76: 4
77: 7
78: 2
79: 9
Mapping Column1
4
7
2
5
8
3
6
1
2
5
8
3
6
9
4
7
2
3
6
9
4
7
1
5
8
3
4
7
1
5
8
2
6
9
4
5
8
2
6
9
3
7
1
5
6
9
3
7
1
4
8
2
6
7
1
4
8
2
5
9
3
7
8
2
5
9
3
6
1
4
8
9
3
6
1
4
7
2
9
0
0: 1
1: 4
2: 7
3: 2
4: 5
5: 8
6: 3
7: 6
9: 2
10: 5
11: 8
12: 3
13: 6
14: 9
15: 4
16: 7
18: 3
19: 6
20: 9
21: 4
22: 7
23: 1
24: 5
25: 8
27: 4
28: 7
29: 1
30: 5
31: 8
32: 2
33: 6
34: 9
36: 5
37: 8
38: 2
39: 6
40: 9
41: 3
42: 7
43: 1
45: 6
46: 9
47: 3
48: 7
49: 1
50: 4
51: 8
52: 2
54: 7
55: 1
56: 4
57: 8
58: 2
59: 5
60: 9
61: 3
63: 8
64: 2
65: 5
66: 9
67: 3
68: 6
69: 1
70: 4
72: 9
73: 3
74: 6
75: 1
76: 4
77: 7
78: 2
79: 9
beginning submaps
i: 0 j: 0 k:0 curr: 1
i: 0 j: 0 k:1 curr: 2
i: 0 j: 0 k:2 curr: 3
i: 0 j: 1 k:0 curr: 4
i: 0 j: 1 k:1 curr: 5
i: 0 j: 1 k:2 curr: 6
i: 0 j: 2 k:0 curr: 7
i: 0 j: 2 k:1 curr: 8
i: 0 j: 2 k:2 curr: 9
i: 0 j: 3 k:0 curr: 2
i: 0 j: 3 k:1 curr: 3
i: 0 j: 3 k:2 curr: 4
i: 0 j: 4 k:0 curr: 5
i: 0 j: 4 k:1 curr: 6
i: 0 j: 4 k:2 curr: 7
i: 0 j: 5 k:0 curr: 8
i: 0 j: 5 k:1 curr: 9
i: 0 j: 5 k:2 curr: 1
i: 0 j: 6 k:0 curr: 3
i: 0 j: 6 k:1 curr: 4
i: 0 j: 6 k:2 curr: 5
i: 0 j: 7 k:0 curr: 6
i: 0 j: 7 k:1 curr: 7
i: 0 j: 7 k:2 curr: 8
i: 0 j: 8 k:0 curr: 1
i: 0 j: 8 k:1 curr: 2
i: 0 j: 8 k:2 curr: 3
i: 1 j: 0 k:0 curr: 4
i: 1 j: 0 k:1 curr: 5
i: 1 j: 0 k:2 curr: 6
i: 1 j: 1 k:0 curr: 7
i: 1 j: 1 k:1 curr: 8
i: 1 j: 1 k:2 curr: 9
i: 1 j: 2 k:0 curr: 1
i: 1 j: 2 k:1 curr: 2
i: 1 j: 2 k:2 curr: 3
i: 1 j: 3 k:0 curr: 5
i: 1 j: 3 k:1 curr: 6
i: 1 j: 3 k:2 curr: 7
i: 1 j: 4 k:0 curr: 8
i: 1 j: 4 k:1 curr: 9
i: 1 j: 4 k:2 curr: 1
i: 1 j: 5 k:0 curr: 2
i: 1 j: 5 k:1 curr: 3
i: 1 j: 5 k:2 curr: 4
i: 1 j: 6 k:0 curr: 6
i: 1 j: 6 k:1 curr: 7
i: 1 j: 6 k:2 curr: 8
i: 1 j: 7 k:0 curr: 9
i: 1 j: 7 k:1 curr: 1
i: 1 j: 7 k:2 curr: 2
i: 1 j: 8 k:0 curr: 4
i: 1 j: 8 k:1 curr: 5
i: 1 j: 8 k:2 curr: 6
i: 2 j: 0 k:0 curr: 7
i: 2 j: 0 k:1 curr: 8
i: 2 j: 0 k:2 curr: 9
i: 2 j: 1 k:0 curr: 1
i: 2 j: 1 k:1 curr: 2
i: 2 j: 1 k:2 curr: 3
i: 2 j: 2 k:0 curr: 4
i: 2 j: 2 k:1 curr: 5
i: 2 j: 2 k:2 curr: 6
i: 2 j: 3 k:0 curr: 8
i: 2 j: 3 k:1 curr: 9
i: 2 j: 3 k:2 curr: 1
i: 2 j: 4 k:0 curr: 2
i: 2 j: 4 k:1 curr: 3
i: 2 j: 4 k:2 curr: 4
i: 2 j: 5 k:0 curr: 5
i: 2 j: 5 k:1 curr: 6
i: 2 j: 5 k:2 curr: 7
i: 2 j: 6 k:0 curr: 9
i: 2 j: 6 k:1 curr: 1
i: 2 j: 6 k:2 curr: 2
i: 2 j: 7 k:0 curr: 3
i: 2 j: 7 k:1 curr: 4
i: 2 j: 7 k:2 curr: 9
i: 2 j: 8 k:0 curr: 7
i: 2 j: 8 k:1 curr: 8
i: 2 j: 8 k:2 curr: 0
0: 1
1: 2
2: 3
3: 4
4: 5
5: 6
6: 7
7: 8
9: 2
10: 3
11: 4
12: 5
13: 6
14: 7
15: 8
16: 9
18: 3
19: 4
20: 5
21: 6
22: 7
23: 8
24: 1
25: 2
27: 4
28: 5
29: 6
30: 7
31: 8
32: 9
33: 1
34: 2
36: 5
37: 6
38: 7
39: 8
40: 9
41: 1
42: 2
43: 3
45: 6
46: 7
47: 8
48: 9
49: 1
50: 2
51: 4
52: 5
54: 7
55: 8
56: 9
57: 1
58: 2
59: 3
60: 4
61: 5
63: 8
64: 9
65: 1
66: 2
67: 3
68: 4
69: 5
70: 6
72: 9
73: 1
74: 2
75: 3
76: 4
77: 9
